throughput: 642251.90 
delay: 0.15181 
send packet: 312.00 
received packet: 301.00 
drop packet: 0.00 
delivery ratio: 96.47 
drop ratio: 0.00 
time: 3.89928 
per node throughput:  
per node throughput: i:           22.00 
per node throughput: i:           23.00 
per node throughput: i:           24.00 
per node throughput: i:           25.00 
per node throughput: i:           26.00 
per node throughput: i:           27.00 
per node throughput: i:           28.00 
per node throughput: i:           29.00 
throughput: 642251.90 
delay: 0.15181 
send packet: 312.00 
received packet: 301.00 
drop packet: 0.00 
delivery ratio: 96.47 
drop ratio: 0.00 
time: 3.89928 
per node throughput:  
per node throughput: i:           22.00 
per node throughput: i:           23.00 
per node throughput: i:           24.00 
per node throughput: i:           25.00 
per node throughput: i:           26.00 
per node throughput: i:           27.00 
per node throughput: i:           28.00 
per node throughput: i:           29.00 
