throughput: 358495.60 
delay: 0.24757 
send packet: 183.00 
received packet: 168.00 
drop packet: 0.00 
delivery ratio: 91.80 
drop ratio: 0.00 
time: 3.89896 
per node throughput:  
per node throughput: i:           37.00 
per node throughput: i:           38.00 
per node throughput: i:           39.00 
per node throughput: i:           40.00 
per node throughput: i:           41.00 
per node throughput: i:           42.00 
per node throughput: i:           43.00 
per node throughput: i:           44.00 
per node throughput: i:           45.00 
per node throughput: i:           46.00 
per node throughput: i:           47.00 
per node throughput: i:           48.00 
per node throughput: i:           49.00 
