throughput: 4782.93 
delay: 0.06945 
send packet: 629.00 
received packet: 550.00 
drop packet: 71.00 
delivery ratio: 87.44 
drop ratio: 11.29 
time: 15.00000 
total_energy: 1742.05500 
energy_per_bit: 0.02428 
energy_per_byte: 0.19425 
energy_per_packet: 3.16737 
total_retrnsmit: 570 
per node throughput: 2:           21.33
per node throughput: 6:           21.33
per node throughput: 13:            8.53
per node throughput: 14:            8.53
per node throughput: 17:            8.53
per node throughput: 18:            8.53
per node throughput: 19:            8.53
per node throughput: 20:            8.53
per node throughput: 21:            8.53
per node throughput: 22:            8.53
per node throughput: 23:            8.53
per node throughput: 24:            8.53
per node throughput: 25:            8.53
per node throughput: 26:            8.53
per node throughput: 27:            8.53
per node throughput: 28:            8.53
per node throughput: 29:            8.53
per node throughput: 30:            8.53
per node throughput: 31:            8.53
per node throughput: 70:            8.53
per node throughput: 75:            8.53
