throughput: 9071.86 
delay: 0.05361 
send packet: 1153.00 
received packet: 1057.00 
drop packet: 74.00 
delivery ratio: 91.67 
drop ratio: 6.42 
time: 14.99847 
total_energy: 1674.87900 
energy_per_bit: 0.01231 
energy_per_byte: 0.09848 
energy_per_packet: 1.58456 
total_retrnsmit: 1076 
per node throughput: 114:           21.34
per node throughput: 116:            8.53
per node throughput: 118:            8.53
per node throughput: 119:            8.53
per node throughput: 120:            8.53
per node throughput: 121:            8.53
per node throughput: 122:            8.53
per node throughput: 123:            8.53
per node throughput: 124:            8.53
per node throughput: 125:            8.53
per node throughput: 126:            8.53
per node throughput: 127:            8.53
per node throughput: 128:            8.53
per node throughput: 129:            8.53
per node throughput: 130:            8.53
per node throughput: 131:            8.53
per node throughput: 132:            8.53
per node throughput: 133:            8.53
per node throughput: 134:            8.53
per node throughput: 135:            8.53
per node throughput: 136:            8.53
per node throughput: 137:            8.53
per node throughput: 140:            8.53
per node throughput: 141:            8.53
per node throughput: 145:            8.53
per node throughput: 147:            8.53
per node throughput: 154:            8.53
per node throughput: 156:            8.53
per node throughput: 159:            8.53
per node throughput: 160:            8.53
per node throughput: 161:            8.53
per node throughput: 162:            8.53
per node throughput: 164:            8.53
per node throughput: 166:            8.53
per node throughput: 167:            8.53
per node throughput: 168:            8.53
per node throughput: 174:            8.53
per node throughput: 177:            8.53
per node throughput: 179:            8.53
per node throughput: 180:            8.53
per node throughput: 186:            8.53
per node throughput: 188:            8.53
per node throughput: 192:            8.53
per node throughput: 195:            8.53
per node throughput: 197:            8.53
per node throughput: 198:            8.53
per node throughput: 199:            8.53
