throughput: 2466.13 
delay: 0.14671 
send packet: 444.00 
received packet: 274.00 
drop packet: 382.00 
delivery ratio: 61.71 
drop ratio: 86.04 
time: 15.00000 
total_energy: 896.62800 
energy_per_bit: 0.02424 
energy_per_byte: 0.19391 
energy_per_packet: 3.27236 
total_retrnsmit: 794 
per node throughput: 40:           21.33
per node throughput: 116:           21.33
per node throughput: 119:            8.53
per node throughput: 120:            8.53
per node throughput: 123:            8.53
per node throughput: 124:            8.53
per node throughput: 125:            8.53
per node throughput: 126:            8.53
per node throughput: 127:            8.53
per node throughput: 128:            8.53
per node throughput: 129:            8.53
per node throughput: 130:            8.53
per node throughput: 131:            8.53
per node throughput: 132:            8.53
per node throughput: 133:            8.53
per node throughput: 134:            8.53
per node throughput: 135:            8.53
per node throughput: 136:            8.53
per node throughput: 137:            8.53
per node throughput: 138:            8.53
per node throughput: 139:            8.53
per node throughput: 140:            8.53
per node throughput: 141:            8.53
per node throughput: 142:            8.53
per node throughput: 160:            8.53
per node throughput: 170:            8.53
per node throughput: 171:            8.53
per node throughput: 172:            8.53
per node throughput: 173:            8.53
per node throughput: 174:            8.53
per node throughput: 175:            8.53
per node throughput: 176:            8.53
per node throughput: 183:            8.53
per node throughput: 185:            8.53
per node throughput: 188:            8.53
per node throughput: 196:            8.53
