throughput: 3118.93 
delay: 0.09430 
send packet: 552.00 
received packet: 355.00 
drop packet: 266.00 
delivery ratio: 64.31 
drop ratio: 48.19 
time: 15.00000 
total_energy: 1334.53500 
energy_per_bit: 0.02853 
energy_per_byte: 0.22820 
energy_per_packet: 3.75925 
total_retrnsmit: 658 
per node throughput: 15:          149.33
per node throughput: 182:           21.33
per node throughput: 192:            8.53
per node throughput: 193:            8.53
per node throughput: 196:            8.53
per node throughput: 197:            8.53
per node throughput: 198:            8.53
