throughput: 2163.20 
delay: 0.12252 
send packet: 339.00 
received packet: 243.00 
drop packet: 112.00 
delivery ratio: 71.68 
drop ratio: 33.04 
time: 15.00000 
total_energy: 1740.10000 
energy_per_bit: 0.05363 
energy_per_byte: 0.42902 
energy_per_packet: 7.16091 
total_retrnsmit: 258 
per node throughput: 6:           21.33
per node throughput: 13:            8.53
per node throughput: 14:            8.53
per node throughput: 16:           34.13
per node throughput: 17:            8.53
per node throughput: 18:            8.53
per node throughput: 19:            8.53
per node throughput: 20:            8.53
per node throughput: 21:            8.53
per node throughput: 22:            8.53
per node throughput: 23:            8.53
per node throughput: 24:            8.53
per node throughput: 25:            8.53
per node throughput: 26:            8.53
per node throughput: 27:            8.53
per node throughput: 28:            8.53
per node throughput: 29:            8.53
per node throughput: 30:            8.53
per node throughput: 31:            8.53
per node throughput: 32:            8.53
per node throughput: 33:            8.53
per node throughput: 34:            8.53
per node throughput: 37:            8.53
per node throughput: 39:            8.53
per node throughput: 40:           21.33
per node throughput: 42:            8.53
per node throughput: 43:            8.53
per node throughput: 45:            8.53
per node throughput: 48:            8.53
per node throughput: 49:            8.53
per node throughput: 51:            8.53
per node throughput: 54:            8.53
per node throughput: 59:            8.53
per node throughput: 62:            8.53
per node throughput: 66:            8.53
per node throughput: 68:            8.53
per node throughput: 69:            8.53
per node throughput: 70:            8.53
per node throughput: 73:            8.53
per node throughput: 74:            8.53
per node throughput: 77:            8.53
per node throughput: 79:            8.53
per node throughput: 80:            8.53
per node throughput: 81:            8.53
per node throughput: 83:            8.53
per node throughput: 88:            8.53
per node throughput: 89:            8.53
per node throughput: 91:            8.53
per node throughput: 94:            8.53
per node throughput: 95:            8.53
per node throughput: 96:            8.53
per node throughput: 100:            8.53
per node throughput: 103:            8.53
per node throughput: 104:            8.53
per node throughput: 107:            8.53
per node throughput: 108:            8.53
per node throughput: 109:            8.53
per node throughput: 110:            8.53
per node throughput: 114:            8.53
per node throughput: 115:            8.53
per node throughput: 116:            8.53
per node throughput: 119:            8.53
per node throughput: 120:            8.53
per node throughput: 121:            8.53
per node throughput: 126:            8.53
per node throughput: 128:            8.53
per node throughput: 130:            8.53
per node throughput: 132:            8.53
per node throughput: 133:            8.53
per node throughput: 135:            8.53
per node throughput: 136:            8.53
per node throughput: 139:            8.53
per node throughput: 141:            8.53
per node throughput: 142:            8.53
per node throughput: 144:            8.53
per node throughput: 145:            8.53
per node throughput: 147:            8.53
per node throughput: 148:            8.53
per node throughput: 151:            8.53
per node throughput: 155:            8.53
per node throughput: 156:            8.53
per node throughput: 157:            8.53
per node throughput: 159:            8.53
per node throughput: 164:            8.53
per node throughput: 167:            8.53
per node throughput: 168:            8.53
per node throughput: 169:            8.53
per node throughput: 170:            8.53
per node throughput: 173:            8.53
per node throughput: 174:            8.53
per node throughput: 179:            8.53
per node throughput: 180:            8.53
per node throughput: 183:            8.53
per node throughput: 185:            8.53
per node throughput: 186:            8.53
per node throughput: 187:            8.53
per node throughput: 191:            8.53
per node throughput: 192:            8.53
per node throughput: 195:            8.53
per node throughput: 196:            8.53
per node throughput: 198:            8.53
per node throughput: 199:            8.53
