throughput: 1595.73 
delay: 0.17819 
send packet: 464.00 
received packet: 178.00 
drop packet: 441.00 
delivery ratio: 38.36 
drop ratio: 95.04 
time: 15.00000 
total_energy: 895.72200 
energy_per_bit: 0.03742 
energy_per_byte: 0.29937 
energy_per_packet: 5.03215 
total_retrnsmit: 701 
per node throughput: 16:           76.80
per node throughput: 40:           21.33
per node throughput: 135:           21.33
per node throughput: 137:            8.53
per node throughput: 138:            8.53
per node throughput: 141:            8.53
per node throughput: 142:            8.53
per node throughput: 143:            8.53
per node throughput: 164:            8.53
per node throughput: 165:            8.53
per node throughput: 166:            8.53
per node throughput: 170:            8.53
per node throughput: 172:            8.53
per node throughput: 173:            8.53
per node throughput: 174:            8.53
per node throughput: 175:            8.53
per node throughput: 176:            8.53
per node throughput: 177:            8.53
per node throughput: 178:            8.53
per node throughput: 179:            8.53
per node throughput: 195:            8.53
