throughput: 917.33 
delay: 0.17006 
send packet: 294.00 
received packet: 97.00 
drop packet: 263.00 
delivery ratio: 32.99 
drop ratio: 89.46 
time: 15.00000 
total_energy: 851.07700 
energy_per_bit: 0.06185 
energy_per_byte: 0.49481 
energy_per_packet: 8.77399 
total_retrnsmit: 341 
per node throughput: 13:           21.33
per node throughput: 162:           21.33
per node throughput: 164:            8.53
per node throughput: 165:            8.53
per node throughput: 169:            8.53
per node throughput: 170:            8.53
per node throughput: 171:            8.53
per node throughput: 172:            8.53
per node throughput: 173:            8.53
per node throughput: 174:            8.53
